2025-09-23 13:28:28 [34mINFO [0;39m [36makka.event.slf4j.Slf4jLogger[0;39m [35m[0;39m Slf4jLogger started
2025-09-23 13:28:29 [34mINFO [0;39m [36mplay.api.Play[0;39m [35m[0;39m Application started (Dev) (no global state)
2025-09-23 13:28:30 [34mINFO [0;39m [36mmodules.SecurityComponentsProvider[0;39m [35m[0;39m SecurityComponents initialized successfully
2025-09-23 13:28:30 [1;31mERROR[0;39m [36mcontrollers.CallbackRouter[0;39m [35m[0;39m [CallbackRouter] An exception occurred during the authentication process.: Error decoding SAML message
org.pac4j.saml.exceptions.SAMLException: Error decoding SAML message
	at org.pac4j.saml.sso.impl.SAML2WebSSOMessageReceiver.getDecoder(SAML2WebSSOMessageReceiver.java:38)
	at org.pac4j.saml.profile.impl.AbstractSAML2MessageReceiver.receiveMessage(AbstractSAML2MessageReceiver.java:49)
	at org.pac4j.saml.sso.impl.SAML2WebSSOProfileHandler.receive(SAML2WebSSOProfileHandler.java:35)
	at org.pac4j.saml.credentials.extractor.SAML2CredentialsExtractor.receiveLogin(SAML2CredentialsExtractor.java:71)
	at org.pac4j.saml.credentials.extractor.SAML2CredentialsExtractor.extract(SAML2CredentialsExtractor.java:66)
	at org.pac4j.core.client.BaseClient.retrieveCredentials(BaseClient.java:71)
	at org.pac4j.core.client.IndirectClient.getCredentials(IndirectClient.java:145)
	at org.pac4j.core.engine.DefaultCallbackLogic.perform(DefaultCallbackLogic.java:75)
	at controllers.CallbackRouter.$anonfun$callback$1(CallbackRouter.scala:38)
	at play.api.mvc.ActionBuilderImpl.invokeBlock(Action.scala:441)
	at play.api.mvc.ActionBuilderImpl.invokeBlock(Action.scala:439)
	at play.api.mvc.ActionBuilder$$anon$9.apply(Action.scala:379)
	at play.api.mvc.Action.$anonfun$apply$4(Action.scala:82)
	at play.api.libs.streams.StrictAccumulator.$anonfun$mapFuture$4(Accumulator.scala:168)
	at scala.util.Try$.apply(Try.scala:217)
	at play.api.libs.streams.StrictAccumulator.$anonfun$mapFuture$3(Accumulator.scala:168)
	at scala.Function1.$anonfun$andThen$1(Function1.scala:87)
	at scala.Function1.$anonfun$andThen$1(Function1.scala:87)
	at play.api.libs.streams.StrictAccumulator.run(Accumulator.scala:199)
	at play.core.server.AkkaHttpServer.$anonfun$runAction$4(AkkaHttpServer.scala:428)
	at akka.http.scaladsl.util.FastFuture$.strictTransform$1(FastFuture.scala:41)
	at akka.http.scaladsl.util.FastFuture$.$anonfun$transformWith$3(FastFuture.scala:51)
	at scala.concurrent.impl.Promise$Transformation.run(Promise.scala:484)
	at akka.dispatch.BatchingExecutor$AbstractBatch.processBatch(BatchingExecutor.scala:63)
	at akka.dispatch.BatchingExecutor$BlockableBatch.$anonfun$run$1(BatchingExecutor.scala:100)
	at scala.runtime.java8.JFunction0$mcV$sp.apply(JFunction0$mcV$sp.scala:18)
	at scala.concurrent.BlockContext$.withBlockContext(BlockContext.scala:94)
	at akka.dispatch.BatchingExecutor$BlockableBatch.run(BatchingExecutor.scala:100)
	at akka.dispatch.TaskInvocation.run(AbstractDispatcher.scala:49)
	at akka.dispatch.ForkJoinExecutorConfigurator$AkkaForkJoinTask.exec(ForkJoinExecutorConfigurator.scala:48)
	at java.base/java.util.concurrent.ForkJoinTask.doExec(ForkJoinTask.java:387)
	at java.base/java.util.concurrent.ForkJoinPool$WorkQueue.topLevelExec(ForkJoinPool.java:1312)
	at java.base/java.util.concurrent.ForkJoinPool.scan(ForkJoinPool.java:1843)
	at java.base/java.util.concurrent.ForkJoinPool.runWorker(ForkJoinPool.java:1808)
	at java.base/java.util.concurrent.ForkJoinWorkerThread.run(ForkJoinWorkerThread.java:188)
Caused by: org.opensaml.messaging.decoder.MessageDecodingException: This message decoder only supports the HTTP POST method
	at org.pac4j.saml.transport.Pac4jHTTPPostDecoder.doDecode(Pac4jHTTPPostDecoder.java:59)
	at org.opensaml.messaging.decoder.AbstractMessageDecoder.decode(AbstractMessageDecoder.java:56)
	at org.pac4j.saml.sso.impl.SAML2WebSSOMessageReceiver.getDecoder(SAML2WebSSOMessageReceiver.java:35)
	... 34 common frames omitted
2025-09-23 13:30:07 [34mINFO [0;39m [36mp.a.i.l.c.CoordinatedShutdownSupport[0;39m [35m[0;39m Starting synchronous coordinated shutdown with ServerStoppedReason reason and 35000 milliseconds timeout
2025-09-23 13:30:07 [34mINFO [0;39m [36mplay.core.server.AkkaHttpServer[0;39m [35m[0;39m Stopping Akka HTTP server...
2025-09-23 13:30:07 [34mINFO [0;39m [36makka.actor.CoordinatedShutdown[0;39m [35m[0;39m Running CoordinatedShutdown with reason [ServerStoppedReason]
2025-09-23 13:30:07 [34mINFO [0;39m [36mplay.core.server.AkkaHttpServer[0;39m [35m[0;39m Terminating server binding for /[0:0:0:0:0:0:0:0]:9000
2025-09-23 13:30:07 [34mINFO [0;39m [36makka.actor.CoordinatedShutdown[0;39m [35m[0;39m Running CoordinatedShutdown with reason [ApplicationStoppedReason]
2025-09-23 13:30:07 [34mINFO [0;39m [36mplay.core.server.AkkaHttpServer[0;39m [35m[0;39m Running provided shutdown stop hooks
