[debug] > Exec(early(addDefaultCommands), None, None)
[debug] > Exec(addDefaultCommands, None, None)
[debug] > Exec(early(initialize), None, None)
[debug] > Exec(initialize, None, None)
[debug] > Exec(boot, None, None)
[debug] > Exec(writeSbtVersion, None, None)
[debug] > Exec(reload, None, None)
[debug] > Exec(sbtStashOnFailure, None, None)
[debug] > Exec(onFailure loadFailed, None, None)
[debug] > Exec(loadp, None, None)
[info] welcome to sbt 1.11.5 (Eclipse Adoptium Java 21.0.1)
[debug] Load.defaultLoad until apply took 237.7195ms
[debug]           Load.loadUnit: plugins took 137.4241ms
[debug]           Load.loadUnit: defsScala took 0.5621ms
[debug] [Loading] Scanning directory C:\Users\makot\playsample\project
[debug]             Load.loadUnit: mkEval took 9.3571ms
[debug] [Loading] Found non-root projects 
[debug] [Loading] Done in C:\Users\makot\playsample\project, returning: ()
[debug] deducing auto plugins based on known facts Set(Atom(sbt.plugins.CorePlugin)) and clauses Clauses(Clause(Atom(sbt.plugins.JvmPlugin),Set(Atom(sbt.plugins.IvyPlugin)))
[debug] Clause(Atom(sbt.ScriptedPlugin),Set(Atom(sbt.plugins.JvmPlugin)))
[debug] Clause(Atom(sbt.plugins.SbtPlugin),Set(Atom(sbt.ScriptedPlugin)))
[debug] Clause(Atom(sbt.plugins.SemanticdbPlugin),Set(Atom(sbt.plugins.JvmPlugin)))
[debug] Clause(Atom(sbt.plugins.JUnitXmlReportPlugin),Set(Atom(sbt.plugins.JvmPlugin)))
[debug] Clause(Atom(sbt.plugins.MiniDependencyTreePlugin),Set(Atom(sbt.plugins.JvmPlugin)))
[debug] Clause(Atom(sbt.plugins.CorePlugin),Set(Atom(sbt.plugins.IvyPlugin)))
[debug] Clause(Atom(sbt.plugins.IvyPlugin),Set(Atom(sbt.plugins.JvmPlugin)))
[debug] Clause(Atom(sbt.plugins.JvmPlugin),Set(Atom(sbt.plugins.SemanticdbPlugin)))
[debug] Clause(Atom(sbt.plugins.JvmPlugin),Set(Atom(sbt.plugins.JUnitXmlReportPlugin)))
[debug] Clause(Atom(sbt.plugins.CorePlugin),Set(Atom(sbt.plugins.Giter8TemplatePlugin)))
[debug] Clause(Atom(sbt.plugins.JvmPlugin),Set(Atom(sbt.plugins.MiniDependencyTreePlugin))))
[debug]   :: deduced result: Matched(sbt.plugins.CorePlugin,sbt.plugins.Giter8TemplatePlugin,sbt.plugins.IvyPlugin,sbt.plugins.JvmPlugin,sbt.plugins.MiniDependencyTreePlugin,sbt.plugins.JUnitXmlReportPlugin,sbt.plugins.SemanticdbPlugin)
[debug] Plugins.deducer#function took 19.2816 ms
[info] loading settings for project playsample-build from plugins.sbt...
[debug]               Load.resolveProject(playsample-build) took 47.0441ms
[debug]             Load.loadTransitive: finalizeProject(Project(id playsample-build, base: C:\Users\makot\playsample\project, plugins: List(<none>))) took 91.0612ms
[debug] [Loading] Done in C:\Users\makot\playsample\project, returning: (playsample-build)
[debug]           Load.loadUnit: loadedProjectsRaw took 541.6625ms
[debug]           Load.loadUnit: cleanEvalClasses took 22.4553ms
[debug]         Load.loadUnit(file:/C:/Users/makot/playsample/project/, ...) took 714.805ms
[debug]       Load.apply: load took 947.2781ms
[debug]       Load.apply: resolveProjects took 5.944ms
[debug]       Load.apply: finalTransforms took 78.5328ms
[debug]       Load.apply: config.delegates took 13.0213ms
[debug]       Load.apply: Def.make(settings)... took 573.5537ms
[debug]       Load.apply: structureIndex took 130.8772ms
[debug]       Load.apply: mkStreams took 1.9277ms
[info] loading project definition from C:\Users\makot\playsample\project
[debug] Running task... Cancel: Signal, check cycles: false, forcegc: true
